\BOOKMARK [0][-]{chapter*.2}{\376\377\000I\000n\000t\000r\000o\000d\000u\000c\000t\000i\000o\000n}{}% 1
\BOOKMARK [0][-]{chapter.1}{\376\377\000G\000a\000m\000e\000\040\000D\000e\000s\000c\000r\000i\000p\000t\000i\000o\000n}{}% 2
\BOOKMARK [1][-]{section.1.1}{\376\377\000T\000e\000r\000m\000i\000n\000o\000l\000o\000g\000y}{chapter.1}% 3
\BOOKMARK [1][-]{section.1.2}{\376\377\000P\000l\000a\000y\000e\000r\000s}{chapter.1}% 4
\BOOKMARK [1][-]{section.1.3}{\376\377\000C\000a\000r\000d\000s}{chapter.1}% 5
\BOOKMARK [1][-]{section.1.4}{\376\377\000V\000a\000l\000u\000e\000\040\000o\000f\000\040\000t\000h\000e\000\040\000C\000a\000r\000d}{chapter.1}% 6
\BOOKMARK [1][-]{section.1.5}{\376\377\000D\000e\000a\000l\000i\000n\000g\000\040\000t\000h\000e\000\040\000C\000a\000r\000d\000s}{chapter.1}% 7
\BOOKMARK [1][-]{section.1.6}{\376\377\000B\000e\000a\000t\000i\000n\000g\000\040\000t\000h\000e\000\040\000C\000a\000r\000d}{chapter.1}% 8
\BOOKMARK [1][-]{section.1.7}{\376\377\000G\000a\000m\000e\000p\000l\000a\000y}{chapter.1}% 9
\BOOKMARK [2][-]{subsection.1.7.1}{\376\377\000C\000o\000n\000d\000i\000t\000i\000o\000n\000s\000\040\000o\000n\000\040\000t\000h\000e\000\040\000A\000t\000t\000a\000c\000k}{section.1.7}% 10
\BOOKMARK [2][-]{subsection.1.7.2}{\376\377\000S\000u\000c\000c\000e\000s\000s\000f\000u\000l\000\040\000D\000e\000f\000e\000n\000s\000e}{section.1.7}% 11
\BOOKMARK [1][-]{section.1.8}{\376\377\000D\000r\000a\000w\000i\000n\000g\000\040\000f\000r\000o\000m\000\040\000t\000h\000e\000\040\000D\000e\000c\000k}{chapter.1}% 12
\BOOKMARK [1][-]{section.1.9}{\376\377\000E\000n\000d\000g\000a\000m\000e\000\040\000a\000n\000d\000\040\000O\000b\000j\000e\000c\000t\000i\000v\000e}{chapter.1}% 13
\BOOKMARK [1][-]{section.1.10}{\376\377\000I\000l\000l\000u\000s\000t\000r\000a\000t\000i\000v\000e\000\040\000G\000a\000m\000e\000p\000l\000a\000y\000\040\000S\000c\000e\000n\000a\000r\000i\000o}{chapter.1}% 14
\BOOKMARK [0][-]{chapter.2}{\376\377\000G\000a\000m\000e\000\040\000A\000n\000a\000l\000y\000s\000i\000s}{}% 15
\BOOKMARK [1][-]{section.2.1}{\376\377\000T\000h\000e\000\040\000T\000e\000r\000m\000i\000n\000a\000t\000i\000o\000n\000\040\000o\000f\000\040\000D\000u\000r\000a\000k}{chapter.2}% 16
\BOOKMARK [1][-]{section.2.2}{\376\377\000R\000e\000p\000e\000t\000i\000t\000i\000o\000n\000\040\000o\000f\000\040\000S\000t\000a\000t\000e\000s\000\040\000i\000n\000\040\000D\000u\000r\000a\000k}{chapter.2}% 17
\BOOKMARK [1][-]{section.2.3}{\376\377\000T\000h\000e\000\040\000A\000d\000v\000a\000n\000t\000a\000g\000e\000\040\000o\000f\000\040\000t\000h\000e\000\040\000F\000i\000r\000s\000t\000\040\000M\000o\000v\000i\000n\000g\000\040\000P\000l\000a\000y\000e\000r}{chapter.2}% 18
\BOOKMARK [1][-]{section.2.4}{\376\377\000C\000l\000a\000s\000s\000i\000f\000i\000c\000a\000t\000i\000o\000n}{chapter.2}% 19
\BOOKMARK [1][-]{section.2.5}{\376\377\000B\000r\000a\000n\000c\000h\000i\000n\000g\000\040\000F\000a\000c\000t\000o\000r}{chapter.2}% 20
\BOOKMARK [1][-]{section.2.6}{\376\377\000D\000u\000r\000a\000t\000i\000o\000n}{chapter.2}% 21
\BOOKMARK [1][-]{section.2.7}{\376\377\000W\000e\000a\000k\000n\000e\000s\000s\000\040\000C\000o\000n\000c\000e\000p\000t}{chapter.2}% 22
\BOOKMARK [1][-]{section.2.8}{\376\377\000C\000l\000o\000s\000e\000d\000\040\000W\000o\000r\000l\000d\000\040\000D\000e\000d\000u\000c\000t\000i\000o\000n}{chapter.2}% 23
\BOOKMARK [0][-]{chapter.3}{\376\377\000G\000a\000m\000e\000\040\000a\000n\000d\000\040\000A\000I\000\040\000I\000m\000p\000l\000e\000m\000e\000n\000t\000a\000t\000i\000o\000n}{}% 24
\BOOKMARK [1][-]{section.3.1}{\376\377\000O\000S\000\040\000s\000u\000p\000p\000o\000r\000t}{chapter.3}% 25
\BOOKMARK [1][-]{section.3.2}{\376\377\000A\000\040\000H\000i\000g\000h\000-\000L\000e\000v\000e\000l\000\040\000V\000i\000e\000w\000\040\000o\000f\000\040\000t\000h\000e\000\040\000F\000r\000a\000m\000e\000w\000o\000r\000k}{chapter.3}% 26
\BOOKMARK [2][-]{subsection.3.2.1}{\376\377\000P\000r\000o\000j\000e\000c\000t\000\040\000S\000t\000r\000u\000c\000t\000u\000r\000e}{section.3.2}% 27
\BOOKMARK [2][-]{subsection.3.2.2}{\376\377\000M\000o\000d\000e\000l}{section.3.2}% 28
\BOOKMARK [2][-]{subsection.3.2.3}{\376\377\000C\000L\000I}{section.3.2}% 29
\BOOKMARK [2][-]{subsection.3.2.4}{\376\377\000A\000g\000e\000n\000t}{section.3.2}% 30
\BOOKMARK [0][-]{chapter.4}{\376\377\000A\000r\000t\000i\000f\000i\000c\000i\000a\000l\000\040\000I\000n\000t\000e\000l\000l\000i\000g\000e\000n\000c\000e\000\040\000A\000g\000e\000n\000t\000s}{}% 31
\BOOKMARK [1][-]{section.4.1}{\376\377\000R\000a\000n\000d\000o\000m\000\040\000A\000g\000e\000n\000t}{chapter.4}% 32
\BOOKMARK [1][-]{section.4.2}{\376\377\000R\000u\000l\000e\000-\000B\000a\000s\000e\000d\000\040\000H\000e\000u\000r\000i\000s\000t\000i\000c\000\040\000A\000g\000e\000n\000t\000s}{chapter.4}% 33
\BOOKMARK [2][-]{subsection.4.2.1}{\376\377\000G\000r\000e\000e\000d\000y\000\040\000A\000g\000e\000n\000t}{section.4.2}% 34
\BOOKMARK [2][-]{subsection.4.2.2}{\376\377\000S\000m\000a\000r\000t\000\040\000A\000g\000e\000n\000t}{section.4.2}% 35
\BOOKMARK [1][-]{section.4.3}{\376\377\000M\000i\000n\000i\000m\000a\000x\000\040\000A\000g\000e\000n\000t}{chapter.4}% 36
\BOOKMARK [2][-]{subsection.4.3.1}{\376\377\000B\000a\000s\000i\000c\000\040\000H\000e\000u\000r\000i\000s\000t\000i\000c}{section.4.3}% 37
\BOOKMARK [2][-]{subsection.4.3.2}{\376\377\000P\000l\000a\000y\000o\000u\000t\000\040\000H\000e\000u\000r\000i\000s\000t\000i\000c}{section.4.3}% 38
\BOOKMARK [2][-]{subsection.4.3.3}{\376\377\000A\000l\000p\000h\000a\000-\000B\000e\000t\000a\000\040\000P\000r\000u\000n\000i\000n\000g}{section.4.3}% 39
\BOOKMARK [2][-]{subsection.4.3.4}{\376\377\000S\000t\000a\000t\000e\000\040\000C\000a\000c\000h\000i\000n\000g}{section.4.3}% 40
\BOOKMARK [1][-]{section.4.4}{\376\377\000M\000o\000n\000t\000e\000\040\000C\000a\000r\000l\000o\000\040\000T\000r\000e\000e\000\040\000S\000e\000a\000r\000c\000h\000\040\000A\000g\000e\000n\000t}{chapter.4}% 41
\BOOKMARK [1][-]{section.4.5}{\376\377\000C\000l\000o\000s\000e\000d\000\040\000W\000o\000r\000l\000d\000\040\000S\000a\000m\000p\000l\000i\000n\000g}{chapter.4}% 42
\BOOKMARK [2][-]{subsection.4.5.1}{\376\377\000P\000a\000r\000a\000m\000e\000t\000e\000r\000\040\000S\000p\000e\000c\000i\000f\000i\000c\000a\000t\000i\000o\000n}{section.4.5}% 43
\BOOKMARK [0][-]{chapter.5}{\376\377\000E\000x\000p\000e\000r\000i\000m\000e\000n\000t\000s}{}% 44
\BOOKMARK [1][-]{section.5.1}{\376\377\000O\000p\000e\000n\000\040\000w\000o\000r\000l\000d}{chapter.5}% 45
\BOOKMARK [2][-]{subsection.5.1.1}{\376\377\000C\000o\000n\000f\000i\000g\000u\000r\000i\000n\000g\000\040\000M\000i\000n\000i\000m\000a\000x\000\040\000P\000a\000r\000a\000m\000e\000t\000e\000r\000s}{section.5.1}% 46
\BOOKMARK [2][-]{subsection.5.1.2}{\376\377\000C\000o\000n\000f\000i\000g\000u\000r\000i\000n\000g\000\040\000M\000C\000T\000S\000\040\000P\000a\000r\000a\000m\000e\000t\000e\000r\000s}{section.5.1}% 47
\BOOKMARK [2][-]{subsection.5.1.3}{\376\377\000T\000o\000u\000r\000n\000a\000m\000e\000n\000t}{section.5.1}% 48
\BOOKMARK [1][-]{section.5.2}{\376\377\000C\000l\000o\000s\000e\000d\000\040\000w\000o\000r\000l\000d}{chapter.5}% 49
\BOOKMARK [0][-]{chapter*.35}{\376\377\000C\000o\000n\000c\000l\000u\000s\000i\000o\000n}{}% 50
\BOOKMARK [0][-]{chapter*.37}{\376\377\000B\000i\000b\000l\000i\000o\000g\000r\000a\000p\000h\000y}{}% 51
\BOOKMARK [0][-]{chapter*.38}{\376\377\000L\000i\000s\000t\000\040\000o\000f\000\040\000F\000i\000g\000u\000r\000e\000s}{}% 52
\BOOKMARK [0][-]{chapter*.39}{\376\377\000L\000i\000s\000t\000\040\000o\000f\000\040\000T\000a\000b\000l\000e\000s}{}% 53
\BOOKMARK [0][-]{chapter*.40}{\376\377\000L\000i\000s\000t\000\040\000o\000f\000\040\000A\000b\000b\000r\000e\000v\000i\000a\000t\000i\000o\000n\000s}{}% 54
\BOOKMARK [0][-]{appendix.A}{\376\377\000A\000t\000t\000a\000c\000h\000m\000e\000n\000t\000s}{}% 55
